<?xml version="1.0" encoding="UTF-8"?>
<!-- Generated by org.testng.reporters.JUnitReportReporter -->
<testsuite skipped="0" hostname="Win7-PC" name="tests.parsing.HoareWhileParserTest" tests="1" failures="0" timestamp="18 Aug 2017 23:32:36 GMT" time="0.524" errors="0">
  <testcase name="test" time="0.524" classname="tests.parsing.HoareWhileParserTest"/>
</testsuite> <!-- tests.parsing.HoareWhileParserTest -->
