<?xml version="1.0" encoding="UTF-8"?>
<!-- Generated by org.testng.reporters.JUnitReportReporter -->
<testsuite skipped="0" hostname="Win7-PC" name="tests.parsing.FactorialParserTest" tests="1" failures="0" timestamp="18 Aug 2017 23:28:29 GMT" time="0.540" errors="0">
  <testcase name="test" time="0.540" classname="tests.parsing.FactorialParserTest"/>
</testsuite> <!-- tests.parsing.FactorialParserTest -->
