<?xml version="1.0" encoding="UTF-8"?>
<!-- Generated by org.testng.reporters.JUnitReportReporter -->
<testsuite skipped="0" hostname="Win7-PC" name="tests.parsing.ExpParserTest" tests="1" failures="0" timestamp="07 Jun 2017 12:31:49 GMT" time="0.099" errors="0">
  <testcase name="test" time="0.099" classname="tests.parsing.ExpParserTest"/>
</testsuite> <!-- tests.parsing.ExpParserTest -->
