<?xml version="1.0" encoding="UTF-8"?>
<!-- Generated by org.testng.reporters.JUnitReportReporter -->
<testsuite skipped="0" hostname="Win7-PC" name="logic.CNFTest" tests="1" failures="0" timestamp="29 Aug 2017 15:25:07 GMT" time="0.111" errors="0">
  <testcase name="test" time="0.111" classname="logic.CNFTest"/>
</testsuite> <!-- logic.CNFTest -->
