<?xml version="1.0" encoding="UTF-8"?>
<!-- Generated by org.testng.reporters.JUnitReportReporter -->
<testsuite skipped="0" hostname="Win7-PC" name="tests.parsing.MiscTest" tests="1" failures="0" timestamp="29 Aug 2017 15:10:54 GMT" time="0.021" errors="0">
  <testcase name="MiscTest" time="0.021" classname="tests.parsing.MiscTest"/>
</testsuite> <!-- tests.parsing.MiscTest -->
